  glad.c
  Manager.cpp
  ObjectManager.cpp
  OpenGL GKOM.cpp
c:\users\asus\source\repos\opengl gkom\opengl gkom\shader.h(63): warning C4101: 'infoLog': unreferenced local variable
c:\users\asus\source\repos\opengl gkom\opengl gkom\shader.h(62): warning C4101: 'success': unreferenced local variable
c:\users\asus\source\repos\opengl gkom\opengl gkom\opengl gkom.cpp(144): warning C4018: '<': signed/unsigned mismatch
  stb.cpp
LINK : warning LNK4098: defaultlib 'MSVCRTD' conflicts with use of other libs; use /NODEFAULTLIB:library
  Generating code
  All 430 functions were compiled because no usable IPDB/IOBJ from previous compilation was found.
  Finished generating code
glfw3.lib(context.obj) : warning LNK4099: PDB 'glfw.pdb' was not found with 'glfw3.lib(context.obj)' or at 'C:\Users\Asus\source\repos\OpenGL GKOM\Release\glfw.pdb'; linking object as if no debug info
glfw3.lib(init.obj) : warning LNK4099: PDB 'glfw.pdb' was not found with 'glfw3.lib(init.obj)' or at 'C:\Users\Asus\source\repos\OpenGL GKOM\Release\glfw.pdb'; linking object as if no debug info
glfw3.lib(input.obj) : warning LNK4099: PDB 'glfw.pdb' was not found with 'glfw3.lib(input.obj)' or at 'C:\Users\Asus\source\repos\OpenGL GKOM\Release\glfw.pdb'; linking object as if no debug info
glfw3.lib(monitor.obj) : warning LNK4099: PDB 'glfw.pdb' was not found with 'glfw3.lib(monitor.obj)' or at 'C:\Users\Asus\source\repos\OpenGL GKOM\Release\glfw.pdb'; linking object as if no debug info
glfw3.lib(vulkan.obj) : warning LNK4099: PDB 'glfw.pdb' was not found with 'glfw3.lib(vulkan.obj)' or at 'C:\Users\Asus\source\repos\OpenGL GKOM\Release\glfw.pdb'; linking object as if no debug info
glfw3.lib(window.obj) : warning LNK4099: PDB 'glfw.pdb' was not found with 'glfw3.lib(window.obj)' or at 'C:\Users\Asus\source\repos\OpenGL GKOM\Release\glfw.pdb'; linking object as if no debug info
glfw3.lib(win32_init.obj) : warning LNK4099: PDB 'glfw.pdb' was not found with 'glfw3.lib(win32_init.obj)' or at 'C:\Users\Asus\source\repos\OpenGL GKOM\Release\glfw.pdb'; linking object as if no debug info
glfw3.lib(win32_joystick.obj) : warning LNK4099: PDB 'glfw.pdb' was not found with 'glfw3.lib(win32_joystick.obj)' or at 'C:\Users\Asus\source\repos\OpenGL GKOM\Release\glfw.pdb'; linking object as if no debug info
glfw3.lib(win32_monitor.obj) : warning LNK4099: PDB 'glfw.pdb' was not found with 'glfw3.lib(win32_monitor.obj)' or at 'C:\Users\Asus\source\repos\OpenGL GKOM\Release\glfw.pdb'; linking object as if no debug info
glfw3.lib(win32_time.obj) : warning LNK4099: PDB 'glfw.pdb' was not found with 'glfw3.lib(win32_time.obj)' or at 'C:\Users\Asus\source\repos\OpenGL GKOM\Release\glfw.pdb'; linking object as if no debug info
glfw3.lib(win32_tls.obj) : warning LNK4099: PDB 'glfw.pdb' was not found with 'glfw3.lib(win32_tls.obj)' or at 'C:\Users\Asus\source\repos\OpenGL GKOM\Release\glfw.pdb'; linking object as if no debug info
glfw3.lib(win32_window.obj) : warning LNK4099: PDB 'glfw.pdb' was not found with 'glfw3.lib(win32_window.obj)' or at 'C:\Users\Asus\source\repos\OpenGL GKOM\Release\glfw.pdb'; linking object as if no debug info
glfw3.lib(wgl_context.obj) : warning LNK4099: PDB 'glfw.pdb' was not found with 'glfw3.lib(wgl_context.obj)' or at 'C:\Users\Asus\source\repos\OpenGL GKOM\Release\glfw.pdb'; linking object as if no debug info
glfw3.lib(egl_context.obj) : warning LNK4099: PDB 'glfw.pdb' was not found with 'glfw3.lib(egl_context.obj)' or at 'C:\Users\Asus\source\repos\OpenGL GKOM\Release\glfw.pdb'; linking object as if no debug info
  OpenGL GKOM.vcxproj -> C:\Users\Asus\source\repos\OpenGL GKOM\Release\OpenGL GKOM.exe
